<?xml version="1.0" encoding="UTF-8"?>
<!-- Generated by org.testng.reporters.JUnitReportReporter -->
<testsuite hostname="windows-PC" failures="0" tests="1" name="Test.ForgotuserIDTest" time="45.692" errors="0" timestamp="2022-06-11T12:00:09 IST" skipped="0">
  <testcase classname="Test.ForgotuserIDTest" name="forgot" time="45.692"/>
  <system-out/>
</testsuite> <!-- Test.ForgotuserIDTest -->
