<?xml version="1.0" encoding="UTF-8"?>
<!-- Generated by org.testng.reporters.JUnitReportReporter -->
<testsuite hostname="windows-PC" failures="0" tests="1" name="Test.Loginpagetest" time="29.990" errors="0" timestamp="2022-06-16T00:49:19 IST" skipped="0">
  <testcase classname="Test.Loginpagetest" name="lohinpagetest" time="29.990"/>
  <system-out/>
</testsuite> <!-- Test.Loginpagetest -->
