<?xml version="1.0" encoding="UTF-8"?>
<!-- Generated by org.testng.reporters.JUnitReportReporter -->
<testsuite hostname="windows-PC" failures="0" tests="1" name="Test.dashboardpagetest" time="124.818" errors="0" timestamp="2022-06-15T23:03:22 IST" skipped="0">
  <testcase classname="Test.dashboardpagetest" name="dashboard" time="124.818"/>
  <system-out/>
</testsuite> <!-- Test.dashboardpagetest -->
