<?xml version="1.0" encoding="UTF-8"?>
<!-- Generated by org.testng.reporters.JUnitReportReporter -->
<testsuite hostname="windows-PC" failures="0" tests="1" name="Test.Signuppagetest" time="44.128" errors="0" timestamp="2022-06-11T20:19:17 IST" skipped="0">
  <testcase classname="Test.Signuppagetest" name="signuptest" time="44.128"/>
  <system-out/>
</testsuite> <!-- Test.Signuppagetest -->
