<?xml version="1.0" encoding="UTF-8"?>
<!-- Generated by org.testng.reporters.JUnitReportReporter -->
<testsuite hostname="windows-PC" failures="0" tests="1" name="Test.pinpagetest" time="72.407" errors="0" timestamp="2022-06-09T23:18:09 IST" skipped="0">
  <testcase classname="Test.pinpagetest" name="demo" time="72.407"/>
  <system-out/>
</testsuite> <!-- Test.pinpagetest -->
