<?xml version="1.0" encoding="UTF-8"?>
<!-- Generated by org.testng.reporters.JUnitReportReporter -->
<testsuite hostname="windows-PC" failures="0" tests="6" name="Test.fblogin" time="1.124" errors="1" timestamp="2022-06-02T21:17:16 IST" skipped="2">
  <testcase classname="Test.fblogin" name="test2" time="1.026">
    <error message="Method Test.fblogin.test2() didn&#039;t finish within the time-out 1000" type="org.testng.internal.thread.ThreadTimeoutException">
      <![CDATA[org.testng.internal.thread.ThreadTimeoutException: Method Test.fblogin.test2() didn't finish within the time-out 1000
at java.base@17.0.1/java.lang.Thread.sleep(Native Method)
at app//Test.fblogin.test2(fblogin.java:20)
at java.base@17.0.1/jdk.internal.reflect.NativeMethodAccessorImpl.invoke0(Native Method)
at java.base@17.0.1/jdk.internal.reflect.NativeMethodAccessorImpl.invoke(NativeMethodAccessorImpl.java:77)
at java.base@17.0.1/jdk.internal.reflect.DelegatingMethodAccessorImpl.invoke(DelegatingMethodAccessorImpl.java:43)
at java.base@17.0.1/java.lang.reflect.Method.invoke(Method.java:568)
at app//org.testng.internal.invokers.MethodInvocationHelper.invokeMethod(MethodInvocationHelper.java:135)
at app//org.testng.internal.invokers.InvokeMethodRunnable.runOne(InvokeMethodRunnable.java:44)
at app//org.testng.internal.invokers.InvokeMethodRunnable.call(InvokeMethodRunnable.java:72)
at app//org.testng.internal.invokers.InvokeMethodRunnable.call(InvokeMethodRunnable.java:10)
at java.base@17.0.1/java.util.concurrent.FutureTask.run(FutureTask.java:264)
at java.base@17.0.1/java.util.concurrent.ThreadPoolExecutor.runWorker(ThreadPoolExecutor.java:1136)
at java.base@17.0.1/java.util.concurrent.ThreadPoolExecutor$Worker.run(ThreadPoolExecutor.java:635)
at java.base@17.0.1/java.lang.Thread.run(Thread.java:833)
]]>
    </error>
  </testcase> <!-- test2 -->
  <system-out/>
  <testcase classname="Test.fblogin" name="test3" time="0.022">
    <skipped/>
  </testcase> <!-- test3 -->
  <system-out/>
  <testcase classname="Test.fblogin" name="test1" time="0.027"/>
  <system-out/>
  <testcase classname="Test.fblogin" name="test1" time="0.042"/>
  <system-out/>
  <testcase classname="Test.fblogin" name="test4" time="0.007"/>
  <system-out/>
  <testcase classname="Test.fblogin" name="test5">
    <skipped/>
  </testcase> <!-- test5 -->
  <system-out/>
</testsuite> <!-- Test.fblogin -->
